>> Exiting!
>> Writing PID to tmp/pids/thin.pid
>> Using rack adapter
>> Thin web server (v1.3.1 codename Triple Espresso)
>> Maximum connections set to 1024
>> Listening on 0.0.0.0:3000, CTRL+C to stop
>> Exiting!
>> Writing PID to tmp/pids/thin.pid
>> Using rack adapter
>> Thin web server (v1.3.1 codename Triple Espresso)
>> Maximum connections set to 1024
>> Listening on 0.0.0.0:3000, CTRL+C to stop
>> Stopping ...
>> Exiting!
>> Writing PID to tmp/pids/thin.pid
>> Using rack adapter
>> Thin web server (v1.3.1 codename Triple Espresso)
>> Maximum connections set to 1024
>> Listening on 0.0.0.0:3000, CTRL+C to stop

>> Exiting!
>> Writing PID to tmp/pids/thin.pid
>> Using rack adapter
>> Thin web server (v1.3.1 codename Triple Espresso)
>> Maximum connections set to 1024
>> Listening on 0.0.0.0:3000, CTRL+C to stop
>> Exiting!
>> Writing PID to tmp/pids/thin.pid
>> Using rack adapter
>> Thin web server (v1.3.1 codename Triple Espresso)
>> Maximum connections set to 1024
>> Listening on 0.0.0.0:3000, CTRL+C to stop
/Users/administrator/video_convert/script.applescript:956:972: execution error: Keynote got an error: AppleEvent handler failed. (-10000)
/Users/administrator/video_convert/script.applescript:956:972: execution error: Keynote got an error: AppleEvent timed out. (-1712)
/Users/administrator/video_convert/script.applescript:1274:1279: execution error: System Events got an error: Can’t get window "fbf410a3-db35-4c69-a276-bbd6fc2248fc-presentation_video_key3.key" of process "Keynote". (-1728)
/Users/administrator/video_convert/script.applescript:1274:1279: execution error: System Events got an error: Can’t get window "2db62fd7-e11f-478a-8ea8-b24e38eaa8ee-presenter_video_key3.key" of process "Keynote". (-1728)
/Users/administrator/video_convert/script.applescript:1274:1279: execution error: System Events got an error: Can’t get window "d963595f-b41c-458e-b1f6-321a10a3f20d-presenter_video_d8795d1a-99a0-4e70-b12c-557391f9d107-presenter_video_key3" of process "Keynote". (-1728)
/Users/administrator/video_convert/script.applescript:1274:1279: execution error: System Events got an error: Can’t get window "b76862c5-6e78-442f-822a-7adfaa6ef79e-presenter_video_Zappa360_Contractor_Agreement" of process "Keynote". (-1728)
/Users/administrator/video_convert/script.applescript:956:972: execution error: Keynote got an error: AppleEvent timed out. (-1712)
/Users/administrator/video_convert/script.applescript:1274:1279: execution error: System Events got an error: Can’t get window "a5b01e6a-e6d1-4ddd-9a70-275652e5eaef-presenter_video_ed0e6a56-4443-49d1-9c0b-ab6c08814999-presenter_video_key3" of process "Keynote". (-1728)
/Users/administrator/video_convert/script.applescript:956:972: execution error: Keynote got an error: AppleEvent handler failed. (-10000)
>> Exiting!
>> Writing PID to tmp/pids/thin.pid
>> Using rack adapter
>> Thin web server (v1.3.1 codename Triple Espresso)
>> Maximum connections set to 1024
>> Listening on 0.0.0.0:3000, CTRL+C to stop
>> Writing PID to tmp/pids/thin.pid
>> Using rack adapter
>> Thin web server (v1.3.1 codename Triple Espresso)
>> Maximum connections set to 1024
>> Listening on 0.0.0.0:3000, CTRL+C to stop
>> Exiting!
>> Writing PID to tmp/pids/thin.pid
>> Using rack adapter
>> Thin web server (v1.3.1 codename Triple Espresso)
>> Maximum connections set to 1024
>> Listening on 0.0.0.0:3000, CTRL+C to stop
>> Exiting!
>> Writing PID to tmp/pids/thin.pid
>> Using rack adapter
>> Thin web server (v1.3.1 codename Triple Espresso)
>> Maximum connections set to 1024
>> Listening on 0.0.0.0:3000, CTRL+C to stop
>> Exiting!
>> Writing PID to tmp/pids/thin.pid
>> Using rack adapter
>> Thin web server (v1.3.1 codename Triple Espresso)
>> Maximum connections set to 1024
>> Listening on 0.0.0.0:3000, CTRL+C to stop
>> Exiting!
>> Writing PID to tmp/pids/thin.pid
>> Using rack adapter
>> Thin web server (v1.3.1 codename Triple Espresso)
>> Maximum connections set to 1024
>> Listening on 0.0.0.0:3000, CTRL+C to stop
>> Exiting!
>> Writing PID to tmp/pids/thin.pid
>> Using rack adapter
>> Thin web server (v1.3.1 codename Triple Espresso)
>> Maximum connections set to 1024
>> Listening on 0.0.0.0:3000, CTRL+C to stop
>> Exiting!
>> Writing PID to tmp/pids/thin.pid
>> Using rack adapter
>> Thin web server (v1.3.1 codename Triple Espresso)
>> Maximum connections set to 1024
>> Listening on 0.0.0.0:3000, CTRL+C to stop
>> Exiting!
>> Writing PID to tmp/pids/thin.pid
>> Using rack adapter
>> Thin web server (v1.3.1 codename Triple Espresso)
>> Maximum connections set to 1024
>> Listening on 0.0.0.0:3000, CTRL+C to stop
>> Writing PID to tmp/pids/thin.pid
>> Using rack adapter
>> Thin web server (v1.3.1 codename Triple Espresso)
>> Maximum connections set to 1024
>> Listening on 0.0.0.0:3000, CTRL+C to stop
>> Writing PID to tmp/pids/thin.pid
>> Using rack adapter
>> Thin web server (v1.3.1 codename Triple Espresso)
>> Maximum connections set to 1024
>> Listening on 0.0.0.0:3000, CTRL+C to stop
>> Writing PID to tmp/pids/thin.pid
>> Using rack adapter
>> Thin web server (v1.3.1 codename Triple Espresso)
>> Maximum connections set to 1024
>> Listening on 0.0.0.0:3000, CTRL+C to stop
>> Writing PID to tmp/pids/thin.pid
>> Using rack adapter
>> Thin web server (v1.3.1 codename Triple Espresso)
>> Maximum connections set to 1024
>> Listening on 0.0.0.0:3000, CTRL+C to stop
